Using pre-set license
Built from '2020.3/release' branch; Version is '2020.3.12f1 (b3b2c6512326) revision 11776710'; Using compiler version '192528614'; Build Type 'Release'
OS: 'Windows 10 Home; OS build 19042.1110; Version 2009; 64bit' Language: 'zh' Physical Memory: 32706 MB
BatchMode: 1, IsHumanControllingUs: 0, StartBugReporterOnCrash: 0, Is64bit: 1, IsPro: 0

 COMMAND LINE ARGUMENTS:
D:\UnityEditor\2020.3.12f1\Editor\Unity.exe
-adb2
-batchMode
-noUpm
-name
AssetImportWorker0
-projectPath
D:/work/STORIAMonetization
-logFile
Logs/AssetImportWorker0.log
-srvPort
3049
Successfully changed project path to: D:/work/STORIAMonetization
D:/work/STORIAMonetization
Using Asset Import Pipeline V2.
Refreshing native plugins compatible for Editor in 31.26 ms, found 2 plugins.
Preloading 0 native plugins for Editor in 0.00 ms.
Initialize engine version: 2020.3.12f1 (b3b2c6512326)
[Subsystems] Discovering subsystems at path D:/UnityEditor/2020.3.12f1/Editor/Data/Resources/UnitySubsystems
[Subsystems] Discovering subsystems at path D:/work/STORIAMonetization/Assets
GfxDevice: creating device client; threaded=0
Direct3D:
    Version:  Direct3D 11.0 [level 11.1]
    Renderer: NVIDIA GeForce GTX 1070 (ID=0x1b81)
    Vendor:   
    VRAM:     8088 MB
    Driver:   27.21.14.5671
Initialize mono
Mono path[0] = 'D:/UnityEditor/2020.3.12f1/Editor/Data/Managed'
Mono path[1] = 'D:/UnityEditor/2020.3.12f1/Editor/Data/MonoBleedingEdge/lib/mono/unityjit'
Mono config path = 'D:/UnityEditor/2020.3.12f1/Editor/Data/MonoBleedingEdge/etc'
Using monoOptions --debugger-agent=transport=dt_socket,embedding=1,server=y,suspend=n,address=127.0.0.1:56872
Begin MonoManager ReloadAssembly
Registering precompiled unity dll's ...
Register platform support module: D:/UnityEditor/2020.3.12f1/Editor/Data/PlaybackEngines/WebGLSupport/UnityEditor.WebGL.Extensions.dll
Register platform support module: D:/UnityEditor/2020.3.12f1/Editor/Data/PlaybackEngines/WindowsStandaloneSupport/UnityEditor.WindowsStandalone.Extensions.dll
Registered in 0.001193 seconds.
Native extension for WindowsStandalone target not found
Native extension for WebGL target not found
Refreshing native plugins compatible for Editor in 26.57 ms, found 2 plugins.
Preloading 0 native plugins for Editor in 0.00 ms.
Mono: successfully reloaded assembly
- Completed reload, in  1.605 seconds
Platform modules already initialized, skipping
Registering precompiled user dll's ...
Registered in 0.003729 seconds.
Begin MonoManager ReloadAssembly
Native extension for WindowsStandalone target not found
Native extension for WebGL target not found
Refreshing native plugins compatible for Editor in 0.52 ms, found 2 plugins.
Preloading 0 native plugins for Editor in 0.00 ms.
Mono: successfully reloaded assembly
- Completed reload, in  1.085 seconds
Platform modules already initialized, skipping
========================================================================
Worker process is ready to serve import requests
Launched and connected shader compiler UnityShaderCompiler.exe after 0.05 seconds
Refreshing native plugins compatible for Editor in 0.50 ms, found 2 plugins.
Preloading 0 native plugins for Editor in 0.00 ms.
Unloading 1469 Unused Serialized files (Serialized files now loaded: 0)
System memory in use before: 66.8 MB.
System memory in use after: 66.9 MB.

Unloading 61 unused Assets to reduce memory usage. Loaded Objects now: 1868.
Total: 1.715700 ms (FindLiveObjects: 0.139200 ms CreateObjectMapping: 0.043700 ms MarkObjects: 1.455200 ms  DeleteObjects: 0.076600 ms)

AssetImportParameters requested are different than current active one (requested -> active):
  custom:framework-win-MediaFoundation: 216162199b28c13a410421893ffa2e32 -> 
  custom:video-decoder-ogg-theora: a1e56fd34408186e4bbccfd4996cb3dc -> 
  custom:container-muxer-webm: aa71ff27fc2769a1b78a27578f13a17b -> 
  custom:container-demuxer-webm: 4f35f7cbe854078d1ac9338744f61a02 -> 
  custom:container-demuxer-ogg: 62fdf1f143b41e24485cea50d1cbac27 -> 
  custom:video-encoder-webm-vp8: eb34c28f22e8b96e1ab97ce403110664 -> 
  custom:video-decoder-webm-vp8: 9c59270c3fd7afecdb556c50c9e8de78 -> 
  custom:audio-decoder-ogg-vorbis: bf7c407c2cedff20999df2af8eb42d56 -> 
  custom:audio-encoder-webm-vorbis: bf7c407c2cedff20999df2af8eb42d56 -> 
========================================================================
Received Import Request.
  path: Assets/Tester.cs
  artifactKey: Guid(858a20efd055bc14b9edc5fcfa26d69b) Importer(815301076,1909f56bfc062723c751e8b465ee728b)
Start importing Assets/Tester.cs using Guid(858a20efd055bc14b9edc5fcfa26d69b) Importer(815301076,1909f56bfc062723c751e8b465ee728b)  -> (artifact id: '86ca92a5e3a480da3cbf58312ebf9cc9') in 0.031076 seconds 
  Import took 0.033230 seconds .

========================================================================
Received Import Request.
  Time since last request: 134.020076 seconds.
  path: Assets/STORIAMonetization/MonetizeCenter.cs
  artifactKey: Guid(c7ecfa9fcfadb4e82942a1a0d5b626fb) Importer(815301076,1909f56bfc062723c751e8b465ee728b)
Start importing Assets/STORIAMonetization/MonetizeCenter.cs using Guid(c7ecfa9fcfadb4e82942a1a0d5b626fb) Importer(815301076,1909f56bfc062723c751e8b465ee728b)  -> (artifact id: 'f17899182eb4b220c39aa4642bf4a73d') in 0.006612 seconds 
  Import took 0.009249 seconds .

========================================================================
Received Import Request.
  Time since last request: 0.964194 seconds.
  path: Assets/STORIAMonetization/CommonADButtonSetter.cs
  artifactKey: Guid(21896330c69b64c62a8dbfedc3bb36e1) Importer(815301076,1909f56bfc062723c751e8b465ee728b)
Start importing Assets/STORIAMonetization/CommonADButtonSetter.cs using Guid(21896330c69b64c62a8dbfedc3bb36e1) Importer(815301076,1909f56bfc062723c751e8b465ee728b)  -> (artifact id: 'b83ad89776f52f5d382159a9ca74edb8') in 0.005823 seconds 
  Import took 0.008290 seconds .

========================================================================
Received Import Request.
  Time since last request: 0.000659 seconds.
  path: Assets/STORIAMonetization/CommonADButtonSetter.cs
  artifactKey: Guid(21896330c69b64c62a8dbfedc3bb36e1) Importer(815301076,1909f56bfc062723c751e8b465ee728b)
Start importing Assets/STORIAMonetization/CommonADButtonSetter.cs using Guid(21896330c69b64c62a8dbfedc3bb36e1) Importer(815301076,1909f56bfc062723c751e8b465ee728b)  -> (artifact id: 'b83ad89776f52f5d382159a9ca74edb8') in 0.001678 seconds 
  Import took 0.003694 seconds .

========================================================================
Received Prepare
Registering precompiled user dll's ...
Registered in 0.003537 seconds.
Begin MonoManager ReloadAssembly
Native extension for WindowsStandalone target not found
Native extension for WebGL target not found
Refreshing native plugins compatible for Editor in 0.76 ms, found 2 plugins.
Preloading 0 native plugins for Editor in 0.00 ms.
Mono: successfully reloaded assembly
- Completed reload, in  0.877 seconds
Platform modules already initialized, skipping
Switching build target platform(19) subTarget(0) extendedPlatform(0) -> platform(13) subTarget(537395200) extendedPlatform(0)
Refreshing native plugins compatible for Editor in 0.53 ms, found 2 plugins.
Preloading 0 native plugins for Editor in 0.00 ms.
Unloading 1467 Unused Serialized files (Serialized files now loaded: 0)
System memory in use before: 66.8 MB.
System memory in use after: 66.9 MB.

Unloading 56 unused Assets to reduce memory usage. Loaded Objects now: 1871.
Total: 1.964300 ms (FindLiveObjects: 0.176100 ms CreateObjectMapping: 0.046000 ms MarkObjects: 1.682800 ms  DeleteObjects: 0.058300 ms)

AssetImportParameters requested are different than current active one (requested -> active):
  custom:framework-win-MediaFoundation: 216162199b28c13a410421893ffa2e32 -> 
  custom:video-decoder-ogg-theora: a1e56fd34408186e4bbccfd4996cb3dc -> 
  custom:container-muxer-webm: aa71ff27fc2769a1b78a27578f13a17b -> 
  custom:container-demuxer-webm: 4f35f7cbe854078d1ac9338744f61a02 -> 
  custom:container-demuxer-ogg: 62fdf1f143b41e24485cea50d1cbac27 -> 
  custom:video-encoder-webm-vp8: eb34c28f22e8b96e1ab97ce403110664 -> 
  custom:video-decoder-webm-vp8: 9c59270c3fd7afecdb556c50c9e8de78 -> 
  custom:graphics/normal-map-encoding: 01000000000000000000000000000000 -> 02000000000000000000000000000000
  custom:audio-decoder-ogg-vorbis: bf7c407c2cedff20999df2af8eb42d56 -> 
  custom:audio-encoder-webm-vorbis: bf7c407c2cedff20999df2af8eb42d56 -> 
========================================================================
Received Prepare
Registering precompiled user dll's ...
Registered in 0.003442 seconds.
Begin MonoManager ReloadAssembly
Native extension for WindowsStandalone target not found
Native extension for WebGL target not found
Refreshing native plugins compatible for Editor in 0.54 ms, found 2 plugins.
Preloading 0 native plugins for Editor in 0.00 ms.
Mono: successfully reloaded assembly
- Completed reload, in  0.895 seconds
Platform modules already initialized, skipping
Switching build target platform(19) subTarget(0) extendedPlatform(0) -> platform(13) subTarget(537395200) extendedPlatform(0)
Refreshing native plugins compatible for Editor in 0.57 ms, found 2 plugins.
Preloading 0 native plugins for Editor in 0.00 ms.
Unloading 1467 Unused Serialized files (Serialized files now loaded: 0)
System memory in use before: 66.8 MB.
System memory in use after: 66.9 MB.

Unloading 56 unused Assets to reduce memory usage. Loaded Objects now: 1874.
Total: 1.735000 ms (FindLiveObjects: 0.150500 ms CreateObjectMapping: 0.036800 ms MarkObjects: 1.492400 ms  DeleteObjects: 0.054300 ms)

AssetImportParameters requested are different than current active one (requested -> active):
  custom:framework-win-MediaFoundation: 216162199b28c13a410421893ffa2e32 -> 
  custom:video-decoder-ogg-theora: a1e56fd34408186e4bbccfd4996cb3dc -> 
  custom:container-muxer-webm: aa71ff27fc2769a1b78a27578f13a17b -> 
  custom:container-demuxer-webm: 4f35f7cbe854078d1ac9338744f61a02 -> 
  custom:container-demuxer-ogg: 62fdf1f143b41e24485cea50d1cbac27 -> 
  custom:video-encoder-webm-vp8: eb34c28f22e8b96e1ab97ce403110664 -> 
  custom:video-decoder-webm-vp8: 9c59270c3fd7afecdb556c50c9e8de78 -> 
  custom:graphics/normal-map-encoding: 01000000000000000000000000000000 -> 02000000000000000000000000000000
  custom:audio-decoder-ogg-vorbis: bf7c407c2cedff20999df2af8eb42d56 -> 
  custom:audio-encoder-webm-vorbis: bf7c407c2cedff20999df2af8eb42d56 -> 
========================================================================
Received Prepare
Registering precompiled user dll's ...
Registered in 0.003540 seconds.
Begin MonoManager ReloadAssembly
Native extension for WindowsStandalone target not found
Native extension for WebGL target not found
Refreshing native plugins compatible for Editor in 0.54 ms, found 2 plugins.
Preloading 0 native plugins for Editor in 0.00 ms.
Mono: successfully reloaded assembly
- Completed reload, in  0.872 seconds
Platform modules already initialized, skipping
Switching build target platform(19) subTarget(0) extendedPlatform(0) -> platform(13) subTarget(537395200) extendedPlatform(0)
Refreshing native plugins compatible for Editor in 0.53 ms, found 2 plugins.
Preloading 0 native plugins for Editor in 0.00 ms.
Unloading 1467 Unused Serialized files (Serialized files now loaded: 0)
System memory in use before: 66.9 MB.
System memory in use after: 66.9 MB.

Unloading 56 unused Assets to reduce memory usage. Loaded Objects now: 1877.
Total: 1.812500 ms (FindLiveObjects: 0.134400 ms CreateObjectMapping: 0.043300 ms MarkObjects: 1.566700 ms  DeleteObjects: 0.067200 ms)

AssetImportParameters requested are different than current active one (requested -> active):
  custom:framework-win-MediaFoundation: 216162199b28c13a410421893ffa2e32 -> 
  custom:video-decoder-ogg-theora: a1e56fd34408186e4bbccfd4996cb3dc -> 
  custom:container-muxer-webm: aa71ff27fc2769a1b78a27578f13a17b -> 
  custom:container-demuxer-webm: 4f35f7cbe854078d1ac9338744f61a02 -> 
  custom:container-demuxer-ogg: 62fdf1f143b41e24485cea50d1cbac27 -> 
  custom:video-encoder-webm-vp8: eb34c28f22e8b96e1ab97ce403110664 -> 
  custom:video-decoder-webm-vp8: 9c59270c3fd7afecdb556c50c9e8de78 -> 
  custom:graphics/normal-map-encoding: 01000000000000000000000000000000 -> 02000000000000000000000000000000
  custom:audio-decoder-ogg-vorbis: bf7c407c2cedff20999df2af8eb42d56 -> 
  custom:audio-encoder-webm-vorbis: bf7c407c2cedff20999df2af8eb42d56 -> 
========================================================================
Received Prepare
Registering precompiled user dll's ...
Registered in 0.003493 seconds.
Begin MonoManager ReloadAssembly
Native extension for WindowsStandalone target not found
Native extension for WebGL target not found
Refreshing native plugins compatible for Editor in 0.58 ms, found 2 plugins.
Preloading 0 native plugins for Editor in 0.00 ms.
Mono: successfully reloaded assembly
- Completed reload, in  0.925 seconds
Platform modules already initialized, skipping
Switching build target platform(19) subTarget(0) extendedPlatform(0) -> platform(13) subTarget(537395200) extendedPlatform(0)
Refreshing native plugins compatible for Editor in 0.53 ms, found 2 plugins.
Preloading 0 native plugins for Editor in 0.00 ms.
Unloading 1467 Unused Serialized files (Serialized files now loaded: 0)
System memory in use before: 66.9 MB.
System memory in use after: 66.9 MB.

Unloading 56 unused Assets to reduce memory usage. Loaded Objects now: 1880.
Total: 2.450200 ms (FindLiveObjects: 0.308300 ms CreateObjectMapping: 0.165300 ms MarkObjects: 1.917000 ms  DeleteObjects: 0.058500 ms)

AssetImportParameters requested are different than current active one (requested -> active):
  custom:framework-win-MediaFoundation: 216162199b28c13a410421893ffa2e32 -> 
  custom:video-decoder-ogg-theora: a1e56fd34408186e4bbccfd4996cb3dc -> 
  custom:container-muxer-webm: aa71ff27fc2769a1b78a27578f13a17b -> 
  custom:container-demuxer-webm: 4f35f7cbe854078d1ac9338744f61a02 -> 
  custom:container-demuxer-ogg: 62fdf1f143b41e24485cea50d1cbac27 -> 
  custom:video-encoder-webm-vp8: eb34c28f22e8b96e1ab97ce403110664 -> 
  custom:video-decoder-webm-vp8: 9c59270c3fd7afecdb556c50c9e8de78 -> 
  custom:graphics/normal-map-encoding: 01000000000000000000000000000000 -> 02000000000000000000000000000000
  custom:audio-decoder-ogg-vorbis: bf7c407c2cedff20999df2af8eb42d56 -> 
  custom:audio-encoder-webm-vorbis: bf7c407c2cedff20999df2af8eb42d56 -> 
========================================================================
Received Import Request.
  Time since last request: 689.492213 seconds.
  path: Assets/STORIAMonetization_IronSource/Resources/IconSourceAppKeyStorer.asset
  artifactKey: Guid(e0e1d03975405b9488ca0b528346e11e) Importer(815301076,1909f56bfc062723c751e8b465ee728b)
Start importing Assets/STORIAMonetization_IronSource/Resources/IconSourceAppKeyStorer.asset using Guid(e0e1d03975405b9488ca0b528346e11e) Importer(815301076,1909f56bfc062723c751e8b465ee728b)  -> (artifact id: '5c404ec3d1d6a51d532d0b0f2cf5e862') in 0.018349 seconds 
  Import took 0.021070 seconds .

========================================================================
Received Import Request.
  Time since last request: 292.313735 seconds.
  path: Assets/STORIAMonetization_IronSource/Resources/IconSourceAppKeyStorer.asset
  artifactKey: Guid(e0e1d03975405b9488ca0b528346e11e) Importer(815301076,1909f56bfc062723c751e8b465ee728b)
Start importing Assets/STORIAMonetization_IronSource/Resources/IconSourceAppKeyStorer.asset using Guid(e0e1d03975405b9488ca0b528346e11e) Importer(815301076,1909f56bfc062723c751e8b465ee728b)  -> (artifact id: '70111a94f4c18d9d6c550e7f04fe5ade') in 0.002276 seconds 
  Import took 0.004746 seconds .

========================================================================
Received Prepare
Registering precompiled user dll's ...
Registered in 0.005158 seconds.
Begin MonoManager ReloadAssembly
Native extension for WindowsStandalone target not found
Native extension for WebGL target not found
Refreshing native plugins compatible for Editor in 0.55 ms, found 2 plugins.
Preloading 0 native plugins for Editor in 0.00 ms.
Mono: successfully reloaded assembly
- Completed reload, in  0.953 seconds
Platform modules already initialized, skipping
Switching build target platform(19) subTarget(0) extendedPlatform(0) -> platform(13) subTarget(537395200) extendedPlatform(0)
Refreshing native plugins compatible for Editor in 0.54 ms, found 2 plugins.
Preloading 0 native plugins for Editor in 0.00 ms.
Unloading 1467 Unused Serialized files (Serialized files now loaded: 0)
System memory in use before: 66.9 MB.
System memory in use after: 67.0 MB.

Unloading 56 unused Assets to reduce memory usage. Loaded Objects now: 1883.
Total: 1.968400 ms (FindLiveObjects: 0.148900 ms CreateObjectMapping: 0.035100 ms MarkObjects: 1.728400 ms  DeleteObjects: 0.055000 ms)

AssetImportParameters requested are different than current active one (requested -> active):
  custom:framework-win-MediaFoundation: 216162199b28c13a410421893ffa2e32 -> 
  custom:video-decoder-ogg-theora: a1e56fd34408186e4bbccfd4996cb3dc -> 
  custom:container-muxer-webm: aa71ff27fc2769a1b78a27578f13a17b -> 
  custom:container-demuxer-webm: 4f35f7cbe854078d1ac9338744f61a02 -> 
  custom:container-demuxer-ogg: 62fdf1f143b41e24485cea50d1cbac27 -> 
  custom:video-encoder-webm-vp8: eb34c28f22e8b96e1ab97ce403110664 -> 
  custom:video-decoder-webm-vp8: 9c59270c3fd7afecdb556c50c9e8de78 -> 
  custom:graphics/normal-map-encoding: 01000000000000000000000000000000 -> 02000000000000000000000000000000
  custom:audio-decoder-ogg-vorbis: bf7c407c2cedff20999df2af8eb42d56 -> 
  custom:audio-encoder-webm-vorbis: bf7c407c2cedff20999df2af8eb42d56 -> 
========================================================================
Received Prepare
Registering precompiled user dll's ...
Registered in 0.003838 seconds.
Begin MonoManager ReloadAssembly
Unloading broken assembly Library/ScriptAssemblies/Assembly-CSharp.dll, this assembly can cause crashes in the runtime

Native extension for WindowsStandalone target not found
Native extension for WebGL target not found
Refreshing native plugins compatible for Editor in 0.53 ms, found 2 plugins.
Preloading 0 native plugins for Editor in 0.00 ms.
Mono: successfully reloaded assembly
- Completed reload, in  0.911 seconds
Platform modules already initialized, skipping
Switching build target platform(19) subTarget(0) extendedPlatform(0) -> platform(13) subTarget(537395200) extendedPlatform(0)
Refreshing native plugins compatible for Editor in 0.54 ms, found 2 plugins.
Preloading 0 native plugins for Editor in 0.00 ms.
Unloading 1467 Unused Serialized files (Serialized files now loaded: 0)
System memory in use before: 67.0 MB.
System memory in use after: 67.1 MB.

Unloading 56 unused Assets to reduce memory usage. Loaded Objects now: 1886.
Total: 2.721400 ms (FindLiveObjects: 0.141600 ms CreateObjectMapping: 0.046000 ms MarkObjects: 2.457900 ms  DeleteObjects: 0.075000 ms)

AssetImportParameters requested are different than current active one (requested -> active):
  custom:framework-win-MediaFoundation: 216162199b28c13a410421893ffa2e32 -> 
  custom:video-decoder-ogg-theora: a1e56fd34408186e4bbccfd4996cb3dc -> 
  custom:container-muxer-webm: aa71ff27fc2769a1b78a27578f13a17b -> 
  custom:container-demuxer-webm: 4f35f7cbe854078d1ac9338744f61a02 -> 
  custom:container-demuxer-ogg: 62fdf1f143b41e24485cea50d1cbac27 -> 
  custom:video-encoder-webm-vp8: eb34c28f22e8b96e1ab97ce403110664 -> 
  custom:video-decoder-webm-vp8: 9c59270c3fd7afecdb556c50c9e8de78 -> 
  custom:graphics/normal-map-encoding: 01000000000000000000000000000000 -> 02000000000000000000000000000000
  custom:audio-decoder-ogg-vorbis: bf7c407c2cedff20999df2af8eb42d56 -> 
  custom:audio-encoder-webm-vorbis: bf7c407c2cedff20999df2af8eb42d56 -> 
========================================================================
Received Import Request.
  Time since last request: 107.752797 seconds.
  path: Assets/STORIAMonetization/STORIAMonetization.asmdef
  artifactKey: Guid(b413421004f798d4b899d6dbcb5a4a14) Importer(815301076,1909f56bfc062723c751e8b465ee728b)
Start importing Assets/STORIAMonetization/STORIAMonetization.asmdef using Guid(b413421004f798d4b899d6dbcb5a4a14) Importer(815301076,1909f56bfc062723c751e8b465ee728b)  -> (artifact id: '145ef9e0702baf62409f0d9981f2403b') in 0.004951 seconds 
  Import took 0.007540 seconds .

========================================================================
Received Import Request.
  Time since last request: 7.295698 seconds.
  path: Assets/STORIAMonetization_IronSource/STORIAMonetization_IronSource.asmdef
  artifactKey: Guid(ca135602e6169304194737854d024b4c) Importer(815301076,1909f56bfc062723c751e8b465ee728b)
Start importing Assets/STORIAMonetization_IronSource/STORIAMonetization_IronSource.asmdef using Guid(ca135602e6169304194737854d024b4c) Importer(815301076,1909f56bfc062723c751e8b465ee728b)  -> (artifact id: '3369dc5d56c23c1e29a34e8457a5fa1b') in 0.001881 seconds 
  Import took 0.003981 seconds .

========================================================================
Received Import Request.
  Time since last request: 0.002808 seconds.
  path: Assets/STORIAMonetization_IronSource/STORIAMonetization_IronSource.asmdef
  artifactKey: Guid(ca135602e6169304194737854d024b4c) Importer(815301076,1909f56bfc062723c751e8b465ee728b)
Start importing Assets/STORIAMonetization_IronSource/STORIAMonetization_IronSource.asmdef using Guid(ca135602e6169304194737854d024b4c) Importer(815301076,1909f56bfc062723c751e8b465ee728b)  -> (artifact id: '3369dc5d56c23c1e29a34e8457a5fa1b') in 0.001814 seconds 
  Import took 0.004388 seconds .

========================================================================
Received Import Request.
  Time since last request: 11.848636 seconds.
  path: Assets/STORIAMonetization_IronSource/STORIAMonetization_IronSource.asmdef
  artifactKey: Guid(ca135602e6169304194737854d024b4c) Importer(815301076,1909f56bfc062723c751e8b465ee728b)
Start importing Assets/STORIAMonetization_IronSource/STORIAMonetization_IronSource.asmdef using Guid(ca135602e6169304194737854d024b4c) Importer(815301076,1909f56bfc062723c751e8b465ee728b)  -> (artifact id: '927041961e9c64ccd5c7043c0075c53e') in 0.001985 seconds 
  Import took 0.004804 seconds .

========================================================================
Received Import Request.
  Time since last request: 27.909927 seconds.
  path: Assets/STORIAMonetization/STORIAMonetization.asmdef
  artifactKey: Guid(b413421004f798d4b899d6dbcb5a4a14) Importer(815301076,1909f56bfc062723c751e8b465ee728b)
Start importing Assets/STORIAMonetization/STORIAMonetization.asmdef using Guid(b413421004f798d4b899d6dbcb5a4a14) Importer(815301076,1909f56bfc062723c751e8b465ee728b)  -> (artifact id: '27290628658103011a3732ad86f9579c') in 0.001853 seconds 
  Import took 0.004603 seconds .

========================================================================
Received Import Request.
  Time since last request: 34.157891 seconds.
  path: Assets/STORIAMonetization_IronSource/STORIAMonetization_IronSource.asmdef
  artifactKey: Guid(ca135602e6169304194737854d024b4c) Importer(815301076,1909f56bfc062723c751e8b465ee728b)
Start importing Assets/STORIAMonetization_IronSource/STORIAMonetization_IronSource.asmdef using Guid(ca135602e6169304194737854d024b4c) Importer(815301076,1909f56bfc062723c751e8b465ee728b)  -> (artifact id: 'd25b41471c80d9de1a1528d037ac3af7') in 0.002506 seconds 
  Import took 0.005087 seconds .

========================================================================
Received Prepare
Registering precompiled user dll's ...
Registered in 0.004674 seconds.
Begin MonoManager ReloadAssembly
Native extension for WindowsStandalone target not found
Native extension for WebGL target not found
Refreshing native plugins compatible for Editor in 0.92 ms, found 2 plugins.
Preloading 0 native plugins for Editor in 0.00 ms.
Mono: successfully reloaded assembly
- Completed reload, in  0.925 seconds
Platform modules already initialized, skipping
Switching build target platform(19) subTarget(0) extendedPlatform(0) -> platform(13) subTarget(537395200) extendedPlatform(0)
Refreshing native plugins compatible for Editor in 0.55 ms, found 2 plugins.
Preloading 0 native plugins for Editor in 0.00 ms.
Unloading 1467 Unused Serialized files (Serialized files now loaded: 0)
System memory in use before: 67.0 MB.
System memory in use after: 67.1 MB.

Unloading 56 unused Assets to reduce memory usage. Loaded Objects now: 1889.
Total: 1.901700 ms (FindLiveObjects: 0.148300 ms CreateObjectMapping: 0.039000 ms MarkObjects: 1.654900 ms  DeleteObjects: 0.058400 ms)

AssetImportParameters requested are different than current active one (requested -> active):
  custom:framework-win-MediaFoundation: 216162199b28c13a410421893ffa2e32 -> 
  custom:video-decoder-ogg-theora: a1e56fd34408186e4bbccfd4996cb3dc -> 
  custom:container-muxer-webm: aa71ff27fc2769a1b78a27578f13a17b -> 
  custom:container-demuxer-webm: 4f35f7cbe854078d1ac9338744f61a02 -> 
  custom:container-demuxer-ogg: 62fdf1f143b41e24485cea50d1cbac27 -> 
  custom:video-encoder-webm-vp8: eb34c28f22e8b96e1ab97ce403110664 -> 
  custom:video-decoder-webm-vp8: 9c59270c3fd7afecdb556c50c9e8de78 -> 
  custom:graphics/normal-map-encoding: 01000000000000000000000000000000 -> 02000000000000000000000000000000
  custom:audio-decoder-ogg-vorbis: bf7c407c2cedff20999df2af8eb42d56 -> 
  custom:audio-encoder-webm-vorbis: bf7c407c2cedff20999df2af8eb42d56 -> 
